# JRE version: OpenJDK Runtime Environment (17.0.6) (build 17.0.6+0-b2043.56-9586694)
# Java VM: OpenJDK 64-Bit Server VM (17.0.6+0-b2043.56-9586694, mixed mode, tiered, compressed oops, compressed class ptrs, g1 gc, windows-amd64)
GC Precious Log:
 CPUs: 4 total, 4 available
 Memory: 10205M
 Large Page Support: Disabled
 NUMA Support: Disabled
 Compressed Oops: Enabled (32-bit)
 Heap Region Size: 1M
 Heap Min Capacity: 8M
 Heap Initial Capacity: 160M
 Heap Max Capacity: 2G
 Pre-touch: Disabled
 Parallel Workers: 4
 Concurrent Workers: 1
 Concurrent Refinement Workers: 4
 Periodic GC: Disabled
Heap:
 garbage-first heap   total 319488K, used 271360K [0x0000000080000000, 0x0000000100000000)
  region size 1024K, 11 young (11264K), 4 survivors (4096K)
 Metaspace       used 125643K, committed 126656K, reserved 1163264K
  class space    used 16763K, committed 17216K, reserved 1048576K
GC Heap History (20 events):
Event: 38.189 GC heap before
{Heap before GC invocations=58 (full 0):
 garbage-first heap   total 319488K, used 245760K [0x0000000080000000, 0x0000000100000000)
  region size 1024K, 63 young (64512K), 4 survivors (4096K)
 Metaspace       used 109044K, committed 109760K, reserved 1146880K
  class space    used 14650K, committed 15040K, reserved 1048576K
}
Event: 38.203 GC heap after
{Heap after GC invocations=59 (full 0):
 garbage-first heap   total 319488K, used 191951K [0x0000000080000000, 0x0000000100000000)
  region size 1024K, 8 young (8192K), 8 survivors (8192K)
 Metaspace       used 109044K, committed 109760K, reserved 1146880K
  class space    used 14650K, committed 15040K, reserved 1048576K
}
Event: 38.329 GC heap before
{Heap before GC invocations=59 (full 0):
 garbage-first heap   total 319488K, used 198095K [0x0000000080000000, 0x0000000100000000)
  region size 1024K, 15 young (15360K), 8 survivors (8192K)
 Metaspace       used 109066K, committed 109824K, reserved 1146880K
  class space    used 14650K, committed 15040K, reserved 1048576K
}
Event: 38.345 GC heap after
{Heap after GC invocations=60 (full 0):
 garbage-first heap   total 319488K, used 193180K [0x0000000080000000, 0x0000000100000000)
  region size 1024K, 2 young (2048K), 2 survivors (2048K)
 Metaspace       used 109066K, committed 109824K, reserved 1146880K
  class space    used 14650K, committed 15040K, reserved 1048576K
}
Event: 39.780 GC heap before
{Heap before GC invocations=60 (full 0):
 garbage-first heap   total 319488K, used 259740K [0x0000000080000000, 0x0000000100000000)
  region size 1024K, 68 young (69632K), 2 survivors (2048K)
 Metaspace       used 110883K, committed 111680K, reserved 1146880K
  class space    used 14852K, committed 15232K, reserved 1048576K
}
Event: 39.791 GC heap after
{Heap after GC invocations=61 (full 0):
 garbage-first heap   total 319488K, used 197529K [0x0000000080000000, 0x0000000100000000)
  region size 1024K, 6 young (6144K), 6 survivors (6144K)
 Metaspace       used 110883K, committed 111680K, reserved 1146880K
  class space    used 14852K, committed 15232K, reserved 1048576K
}
Event: 41.571 GC heap before
{Heap before GC invocations=61 (full 0):
 garbage-first heap   total 319488K, used 262041K [0x0000000080000000, 0x0000000100000000)
  region size 1024K, 70 young (71680K), 6 survivors (6144K)
 Metaspace       used 114096K, committed 114944K, reserved 1155072K
  class space    used 15245K, committed 15616K, reserved 1048576K
}
Event: 41.584 GC heap after
{Heap after GC invocations=62 (full 0):
 garbage-first heap   total 319488K, used 202991K [0x0000000080000000, 0x0000000100000000)
  region size 1024K, 6 young (6144K), 6 survivors (6144K)
 Metaspace       used 114096K, committed 114944K, reserved 1155072K
  class space    used 15245K, committed 15616K, reserved 1048576K
}
Event: 1084.530 GC heap before
{Heap before GC invocations=62 (full 0):
 garbage-first heap   total 319488K, used 265455K [0x0000000080000000, 0x0000000100000000)
  region size 1024K, 67 young (68608K), 6 survivors (6144K)
 Metaspace       used 117098K, committed 118016K, reserved 1155072K
  class space    used 15633K, committed 16064K, reserved 1048576K
}
Event: 1084.543 GC heap after
{Heap after GC invocations=63 (full 0):
 garbage-first heap   total 319488K, used 207077K [0x0000000080000000, 0x0000000100000000)
  region size 1024K, 4 young (4096K), 4 survivors (4096K)
 Metaspace       used 117098K, committed 118016K, reserved 1155072K
  class space    used 15633K, committed 16064K, reserved 1048576K
}
Event: 1087.076 GC heap before
{Heap before GC invocations=63 (full 0):
 garbage-first heap   total 319488K, used 266469K [0x0000000080000000, 0x0000000100000000)
  region size 1024K, 63 young (64512K), 4 survivors (4096K)
 Metaspace       used 118510K, committed 119488K, reserved 1155072K
  class space    used 15796K, committed 16256K, reserved 1048576K
}
Event: 1087.092 GC heap after
{Heap after GC invocations=64 (full 0):
 garbage-first heap   total 319488K, used 214919K [0x0000000080000000, 0x0000000100000000)
  region size 1024K, 8 young (8192K), 8 survivors (8192K)
 Metaspace       used 118510K, committed 119488K, reserved 1155072K
  class space    used 15796K, committed 16256K, reserved 1048576K
}
Event: 1087.772 GC heap before
{Heap before GC invocations=64 (full 0):
 garbage-first heap   total 319488K, used 268167K [0x0000000080000000, 0x0000000100000000)
  region size 1024K, 61 young (62464K), 8 survivors (8192K)
 Metaspace       used 119596K, committed 120512K, reserved 1155072K
  class space    used 15932K, committed 16384K, reserved 1048576K
}
Event: 1087.794 GC heap after
{Heap after GC invocations=65 (full 0):
 garbage-first heap   total 319488K, used 223092K [0x0000000080000000, 0x0000000100000000)
  region size 1024K, 8 young (8192K), 8 survivors (8192K)
 Metaspace       used 119596K, committed 120512K, reserved 1155072K
  class space    used 15932K, committed 16384K, reserved 1048576K
}
Event: 1088.954 GC heap before
{Heap before GC invocations=65 (full 0):
 garbage-first heap   total 319488K, used 268148K [0x0000000080000000, 0x0000000100000000)
  region size 1024K, 53 young (54272K), 8 survivors (8192K)
 Metaspace       used 120248K, committed 121216K, reserved 1155072K
  class space    used 16050K, committed 16512K, reserved 1048576K
}
Event: 1088.971 GC heap after
{Heap after GC invocations=66 (full 0):
 garbage-first heap   total 319488K, used 230107K [0x0000000080000000, 0x0000000100000000)
  region size 1024K, 7 young (7168K), 7 survivors (7168K)
 Metaspace       used 120248K, committed 121216K, reserved 1155072K
  class space    used 16050K, committed 16512K, reserved 1048576K
}
Event: 1090.179 GC heap before
{Heap before GC invocations=66 (full 0):
 garbage-first heap   total 319488K, used 272091K [0x0000000080000000, 0x0000000100000000)
  region size 1024K, 47 young (48128K), 7 survivors (7168K)
 Metaspace       used 122968K, committed 123904K, reserved 1163264K
  class space    used 16419K, committed 16832K, reserved 1048576K
}
Event: 1090.205 GC heap after
{Heap after GC invocations=67 (full 0):
 garbage-first heap   total 319488K, used 245463K [0x0000000080000000, 0x0000000100000000)
  region size 1024K, 6 young (6144K), 6 survivors (6144K)
 Metaspace       used 122968K, committed 123904K, reserved 1163264K
  class space    used 16419K, committed 16832K, reserved 1048576K
}
Event: 1090.809 GC heap before
{Heap before GC invocations=67 (full 0):
 garbage-first heap   total 319488K, used 264919K [0x0000000080000000, 0x0000000100000000)
  region size 1024K, 26 young (26624K), 6 survivors (6144K)
 Metaspace       used 125601K, committed 126592K, reserved 1163264K
  class space    used 16758K, committed 17216K, reserved 1048576K
}
Event: 1090.830 GC heap after
{Heap after GC invocations=68 (full 0):
 garbage-first heap   total 319488K, used 250880K [0x0000000080000000, 0x0000000100000000)
  region size 1024K, 4 young (4096K), 4 survivors (4096K)
 Metaspace       used 125601K, committed 126592K, reserved 1163264K
  class space    used 16758K, committed 17216K, reserved 1048576K
}

